#version 2.0.1b / 20-10-1
1.支持库结构化升级, 相较于1.0+版本做了全新的设计, 提升稳定性。
2.着重优化了内存管理能力, 降低内存消耗和资源占用。
3.更新内核至: cef_80.1.16 / chromium 80.0.3987.163 , 支持mp3/map4等多媒体播放。
4.完善了各项配置的初始化设置。
5.修复了1.0+版本中的一些功能调用容易引发崩溃的问题。
6.修复了独立环境不能使用的问题, 新接口已将此接口更名为"会话环境", 详细见支持库手册。
7.修复了javascript脚本执行不一致的问题。
10.调整了cookie的访问操作。
11.调整了原"独立环境"功能的设置, 新接口见"会话环境"数据类型。
9.新增触摸事件支持, 用于向浏览器发送触摸事件。
10.新增静音模式支持, 用于设置浏览器的静音状态。
11.新增"加载进度已更新"事件以反应整体网页的加载进度。
12.新增"组件焦点"事件提供浏览器组件焦点切换反馈。
13.新增"资源处理器"事件集与资源过滤器接口, 相较于老板提供了更多的处理时机和操作能力。
14.新增"时间"数据类型, 提供UTC时间管理。
15.新增"值"数据类型, 用于包装传递基础数据类型数值。
16.新增"字典值"数据类型, 用于包装传递基础数据类型数值。
17.新增"列表值"数据类型, 用于包装传递基础数据类型数值。
18.新增"线程"数据类型, 提供在浏览器内部线程中执行异步任务的能力。
19.新增"进程"数据类型, 用于浏览器子进程的调度分配和消息循环管理。
20.新增"进程设置"数据类型, 代替原"初始化设置"数据类型。
21.废除单进程模式。

